0 verbose cli /usr/local/bin/node /usr/local/bin/npm
1 info using npm@11.6.2
2 info using node@v24.12.0
3 silly config load:file:/usr/local/lib/node_modules/npm/npmrc
4 silly config load:file:/Users/ajdin/Documents/Pajzo/Website/.npmrc
5 silly config load:file:/Users/ajdin/.npmrc
6 silly config load:file:/usr/local/etc/npmrc
7 verbose title npm run build
8 verbose argv "run" "build"
9 verbose logfile logs-max:10 dir:/Users/ajdin/Documents/Pajzo/Website/.npm-cache/_logs/2026-03-08T19_15_38_267Z-
10 verbose logfile /Users/ajdin/Documents/Pajzo/Website/.npm-cache/_logs/2026-03-08T19_15_38_267Z-debug-0.log
11 silly logfile start cleaning logs, removing 1 files
12 silly logfile done cleaning log files
13 http fetch GET 200 https://registry.npmjs.org/npm 204ms
14 verbose cwd /Users/ajdin/Documents/Pajzo/Website
15 verbose os Darwin 25.3.0
16 verbose node v24.12.0
17 verbose npm  v11.6.2
18 notice
18 notice New [33mminor[39m version of npm available! [33m11.6.2[39m -> [34m11.11.0[39m
18 notice Changelog: [34mhttps://github.com/npm/cli/releases/tag/v11.11.0[39m
18 notice To update run: [4mnpm install -g npm@11.11.0[24m
18 notice  { force: true, Symbol(proc-log.meta): true }
19 verbose exit 0
20 info ok
